C51 COMPILER V9.60.7.0   DISPLAY                                                           06/08/2023 19:44:30 PAGE 1   


C51 COMPILER V9.60.7.0, COMPILATION OF MODULE DISPLAY
OBJECT MODULE PLACED IN ..\Output\display.obj
COMPILER INVOKED BY: D:\User Software\Designer\Microcontroller - Keil\Initial\C51\BIN\C51.EXE ..\System\display.c OPTIMI
                    -ZE(8,SPEED) BROWSE INCDIR(..\Main;..\System;..\Library) DEFINE(DEBUG_ENABLE_SEMIHOST) DEBUG OBJECTEXTEND PRINT(.\Listing
                    -s\display.lst) OBJECT(..\Output\display.obj)

line level    source

   1          #include "display.h"
   2          
   3          //全局变量声明
   4          extern uchar receive, send;
   5          extern uchar receiveArr[];
   6          extern uint temp;
   7          extern uchar keyValue, preKeyValue;
   8          extern uchar code displayArr[];
   9          extern uchar state;
  10          extern uchar i;
  11          extern uchar x1, x2;
  12          
  13          //数码管显示
  14          void display(uchar IN, uchar BASE) {
  15   1                      
  16   1              switch(temp % 16) {
  17   2      
  18   2                      case 0: 
  19   2                              P1 = 0x01 | (P1 & 0xfc);
  20   2                              P0 = displayArr[IN / BASE];
  21   2                      break;
  22   2                      case 8: 
  23   2                              P1 = 0x02 | (P1 & 0xfc);
  24   2                              P0 = displayArr[IN % BASE];
  25   2                      break;
  26   2      
  27   2              }
  28   1      
  29   1      }


MODULE INFORMATION:   STATIC OVERLAYABLE
   CODE SIZE        =     47    ----
   CONSTANT SIZE    =   ----    ----
   XDATA SIZE       =   ----    ----
   PDATA SIZE       =   ----    ----
   DATA SIZE        =   ----    ----
   IDATA SIZE       =   ----    ----
   BIT SIZE         =   ----    ----
END OF MODULE INFORMATION.


C51 COMPILATION COMPLETE.  0 WARNING(S),  0 ERROR(S)
