C51 COMPILER V9.60.7.0   INTERRUPT                                                         06/08/2023 19:44:29 PAGE 1   


C51 COMPILER V9.60.7.0, COMPILATION OF MODULE INTERRUPT
OBJECT MODULE PLACED IN ..\Output\interrupt.obj
COMPILER INVOKED BY: D:\User Software\Designer\Microcontroller - Keil\Initial\C51\BIN\C51.EXE ..\System\interrupt.c OPTI
                    -MIZE(8,SPEED) BROWSE INCDIR(..\Main;..\System;..\Library) DEFINE(DEBUG_ENABLE_SEMIHOST) DEBUG OBJECTEXTEND PRINT(.\Listi
                    -ngs\interrupt.lst) OBJECT(..\Output\interrupt.obj)

line level    source

   1          #include "interrupt.h"
   2          #include "common.h"
   3          #include "uart.h"
   4          
   5          #include <stdio.h>
   6          #include <string.h>
   7          
   8          //全局变量声明
   9          extern uchar receive, send;
  10          extern uchar receiveArr[];
  11          extern uint temp;
  12          extern uchar keyValue, preKeyValue;
  13          extern uchar code displayArr[];
  14          extern uchar state;
  15          extern uchar i;
  16          extern uchar x1, x2;
  17          
  18          //中断初始化
  19          void timerInit() {
  20   1      
  21   1              TMOD |= 0x01;
  22   1              TH0 = (65536 - 1000) / 256;
  23   1              TL0 = (65536 - 1000) % 256;
  24   1              EA = 1;
  25   1              ET0 = 1; TR0 = 1;
  26   1              EX0 = 1; IT0 = 1;
  27   1      
  28   1      }
  29          
  30          //外部中断 0
  31          void timer0() interrupt 0 {
  32   1              
  33   1              switch(P3 ^ 0xff) {
  34   2              
  35   2                      case 0x04:
  36   2                              send = 0; printf("%c", send);
  37   2                      break;
  38   2                      case 0x14:
  39   2                              send++; printf("%c", send);
  40   2                      break;
  41   2                      case 0x24:
  42   2                              send--; printf("%c", send);
  43   2                      break;
  44   2                      case 0x44:
  45   2                              x1 = !x1;
  46   2                              printf(x1 ? "Led0:ON#" : "Led0:OFF#");
  47   2                              
  48   2                      break;
  49   2                      case 0x84:
  50   2                              x2 = !x2;
  51   2                              printf(x2 ? "Led1:ON#" : "Led1:OFF#");
  52   2                              
  53   2                      break;
C51 COMPILER V9.60.7.0   INTERRUPT                                                         06/08/2023 19:44:29 PAGE 2   

  54   2              
  55   2              }
  56   1              
  57   1      }
  58          
  59          //定时器 0
  60          void timer1() interrupt 1 {
  61   1              
  62   1              TH0 = (65536 - 1000) / 256;
  63   1              TL0 = (65536 - 1000) % 256;
  64   1              if(temp++ >= 10000) temp = 0;
  65   1              
  66   1      }
  67          
  68          //外部中断 1
  69          void timer2() interrupt 2 {
  70   1              
  71   1      }
  72          
  73          //定时器 1
  74          void timer3() interrupt 3 {
  75   1              
  76   1      }
  77          
  78          //串口中断
  79          void serial() interrupt 4 {
  80   1      
  81   1              if(RI) {
  82   2                      
  83   2                      RI = 0;
  84   2                      receive = SBUF;
  85   2                      merge();                
  86   2                      
  87   2              }
  88   1      
  89   1      }


MODULE INFORMATION:   STATIC OVERLAYABLE
   CODE SIZE        =    298    ----
   CONSTANT SIZE    =     41    ----
   XDATA SIZE       =   ----    ----
   PDATA SIZE       =   ----    ----
   DATA SIZE        =   ----    ----
   IDATA SIZE       =   ----    ----
   BIT SIZE         =   ----    ----
END OF MODULE INFORMATION.


C51 COMPILATION COMPLETE.  0 WARNING(S),  0 ERROR(S)
