C51 COMPILER V9.60.7.0   KEYBOARD                                                          06/08/2023 19:44:30 PAGE 1   


C51 COMPILER V9.60.7.0, COMPILATION OF MODULE KEYBOARD
OBJECT MODULE PLACED IN ..\Output\keyboard.obj
COMPILER INVOKED BY: D:\User Software\Designer\Microcontroller - Keil\Initial\C51\BIN\C51.EXE ..\System\keyboard.c OPTIM
                    -IZE(8,SPEED) BROWSE INCDIR(..\Main;..\System;..\Library) DEFINE(DEBUG_ENABLE_SEMIHOST) DEBUG OBJECTEXTEND PRINT(.\Listin
                    -gs\keyboard.lst) OBJECT(..\Output\keyboard.obj)

line level    source

   1          #include "keyboard.h"
   2          #include "interrupt.h"
   3          #include "uart.h"
   4          
   5          //全局变量声明
   6          extern uchar receive, send;
   7          extern uchar receiveArr[];
   8          extern uint temp;
   9          extern uchar keyValue, preKeyValue;
  10          extern uchar code displayArr[];
  11          extern uchar state;
  12          extern uchar i;
  13          extern uchar x1, x2;
  14          
  15          //行选
  16          uchar rowSelection() {
  17   1              
  18   1              uchar temp;
  19   1              P2 = 0x0f;
  20   1              
  21   1              switch(P2 ^ 0x0f) {
  22   2              
  23   2                      case 0: temp = 4; break;
  24   2                      case 0x01: temp = 0; break;
  25   2                      case 0x02: temp = 1; break;
  26   2                      case 0x04: temp = 2; break;
  27   2                      case 0x08: temp = 3; break;
  28   2              
  29   2              }
  30   1              
  31   1              return temp;
  32   1              
  33   1      }
  34          
  35          //列选
  36          uchar columnSelection() {
  37   1      
  38   1              uchar temp;
  39   1              P2 = 0xf0;
  40   1              
  41   1              switch(P2 ^ 0xf0) {
  42   2              
  43   2                      case 0: temp = 4; break;
  44   2                      case 0x10: temp = 0;break;
  45   2                      case 0x20: temp = 1;break;
  46   2                      case 0x40: temp = 2; break;
  47   2                      case 0x80: temp = 3; break;
  48   2              
  49   2              }
  50   1              
  51   1              return temp;
  52   1      
  53   1      }
C51 COMPILER V9.60.7.0   KEYBOARD                                                          06/08/2023 19:44:30 PAGE 2   

  54          
  55          //键盘扫描
  56          void scan() {
  57   1      
  58   1              keyValue = rowSelection() * 4 + columnSelection();
  59   1              
  60   1              if(keyValue != 20 | preKeyValue != 20) {        
  61   2                      
  62   2                      if(keyValue == 20) {
  63   3                                      
  64   3                              send = preKeyValue;
  65   3                              uartSend(send);
  66   3                              
  67   3                      }
  68   2                      
  69   2                      preKeyValue = keyValue;
  70   2                      
  71   2              }
  72   1      
  73   1      }


MODULE INFORMATION:   STATIC OVERLAYABLE
   CODE SIZE        =    143    ----
   CONSTANT SIZE    =   ----    ----
   XDATA SIZE       =   ----    ----
   PDATA SIZE       =   ----    ----
   DATA SIZE        =   ----    ----
   IDATA SIZE       =   ----    ----
   BIT SIZE         =   ----    ----
END OF MODULE INFORMATION.


C51 COMPILATION COMPLETE.  0 WARNING(S),  0 ERROR(S)
