C51 COMPILER V9.60.7.0   MAIN                                                              06/08/2023 19:44:29 PAGE 1   


C51 COMPILER V9.60.7.0, COMPILATION OF MODULE MAIN
OBJECT MODULE PLACED IN ..\Output\main.obj
COMPILER INVOKED BY: D:\User Software\Designer\Microcontroller - Keil\Initial\C51\BIN\C51.EXE ..\Main\main.c OPTIMIZE(8,
                    -SPEED) BROWSE INCDIR(..\Main;..\System;..\Library) DEFINE(DEBUG_ENABLE_SEMIHOST) DEBUG OBJECTEXTEND PRINT(.\Listings\mai
                    -n.lst) OBJECT(..\Output\main.obj)

line level    source

   1          /*
   2           *é¡¹ç›®åç§°ï¼šSerial Communication Engineeringï¼ˆä¸²å£é€šä¿¡å·¥ç¨‹ï¼‰
   3           *é¡¹ç›®æ„ä¹‰ï¼šå®ç°ç”¨ä¸²å£æ§åˆ¶ç®¡è„š
   4           *ä½œè€…ï¼šDeath
   5           *åˆ›å»ºæ—¥æœŸï¼š2023/5/22 8:11
   6           *åˆ›å»ºè·¯å¾„ï¼šD:\User Software\Engineering Projects\Microcontroller - All\Serial Communication Engineer
             -ing\Main\main.c
   7           */
   8           
   9          #include "common.h"
  10          #include "interrupt.h"
  11          #include "display.h"
  12          #include "keyboard.h"
  13          #include "uart.h"
  14          
  15          //å…¨å±€å˜é‡å£°æ˜
  16          extern uchar receive, send;
  17          extern uchar receiveArr[];
  18          extern uint temp;
  19          extern uchar keyValue, preKeyValue;
  20          extern uchar code displayArr[];
  21          extern uchar state;
  22          extern uchar i;
  23          extern uchar x1, x2;
  24          
  25          void main() {
  26   1      
  27   1              uartInit();                                             //ä¸²å£é€šä¿¡åˆå§‹åŒ–
  28   1              timerInit();                                    //ä¸­æ–­åˆå§‹åŒ–
  29   1              P3 = 0xff;                                              //ç®¡è„šåˆå§‹åŒ–
  30   1              while(1) {
  31   2              
  32   2                      display(receive, 16);           //æ•°ç ç®¡æ˜¾ç¤º
  33   2                      scan();                                         //é”®ç›˜æ‰«æ
  34   2                      stateMachine(state);            //åˆ¤æ–­æµæ°´ç¯çŠ¶æ€å¹¶æŒ‰ç›¸åº”æ–¹å¼è¿è¡Œï¼ˆæš‚åœã€å·¦ç§»ã€å³ç§»ã€é—ªçƒ
             -ï¼‰
  35   2              
  36   2              }
  37   1              
  38   1      }


MODULE INFORMATION:   STATIC OVERLAYABLE
   CODE SIZE        =     26    ----
   CONSTANT SIZE    =   ----    ----
   XDATA SIZE       =   ----    ----
   PDATA SIZE       =   ----    ----
   DATA SIZE        =   ----    ----
   IDATA SIZE       =   ----    ----
   BIT SIZE         =   ----    ----
END OF MODULE INFORMATION.


C51 COMPILATION COMPLETE.  0 WARNING(S),  0 ERROR(S)
